
> @actabl-pdesign/bellhop-ui@0.0.0 build-storybook /Users/brunabites/localsites/bellhop-ui
> storybook build -o ./storybook-static --output-dir\=/var/folders/nm/2ht0_y4j6d73tf38v0wgwln40000gn/T/chromatic--68172-hoDMqZxB4nXn

[1mstorybook v9.0.17
[22m
info => Cleaning outputDir: [36m../../../../var/folders/nm/2ht0_y4j6d73tf38v0wgwln40000gn/T/chromatic--68172-hoDMqZxB4nXn[39m
info => Loading presets
info => Building manager..
info => Building preview..
info Using tsconfig paths for react-docgen
[36mvite v7.0.5 [32mbuilding for production...[36m[39m
transforming...
[32m✓[39m 3832 modules transformed.
rendering chunks...
computing gzip size...
[2m../../../../var/folders/nm/2ht0_y4j6d73tf38v0wgwln40000gn/T/chromatic--68172-hoDMqZxB4nXn/[22m[32miframe.html                                          [39m[1m[2m   18.39 kB[22m[1m[22m[2m │ gzip:   5.21 kB[22m
[2m../../../../var/folders/nm/2ht0_y4j6d73tf38v0wgwln40000gn/T/chromatic--68172-hoDMqZxB4nXn/[22m[2massets/[22m[35miframe-D-inS9E4.css                           [39m[1m[2m  196.12 kB[22m[1m[22m[2m │ gzip:  28.58 kB[22m
[2m../../../../var/folders/nm/2ht0_y4j6d73tf38v0wgwln40000gn/T/chromatic--68172-hoDMqZxB4nXn/[22m[2massets/[22m[36mFieldError-DBWYnMMp.js                        [39m[1m[2m    0.09 kB[22m[1m[22m[2m │ gzip:   0.10 kB[22m
[2m../../../../var/folders/nm/2ht0_y4j6d73tf38v0wgwln40000gn/T/chromatic--68172-hoDMqZxB4nXn/[22m[2massets/[22m[36mindex-7oSVk2w4.js                             [39m[1m[2m    0.09 kB[22m[1m[22m[2m │ gzip:   0.10 kB[22m
[2m../../../../var/folders/nm/2ht0_y4j6d73tf38v0wgwln40000gn/T/chromatic--68172-hoDMqZxB4nXn/[22m[2massets/[22m[36mdecorators-xhq21c9y.js                        [39m[1m[2m    0.15 kB[22m[1m[22m[2m │ gzip:   0.16 kB[22m
[2m../../../../var/folders/nm/2ht0_y4j6d73tf38v0wgwln40000gn/T/chromatic--68172-hoDMqZxB4nXn/[22m[2massets/[22m[36minertValue-BPUg2N4O.js                        [39m[1m[2m    0.15 kB[22m[1m[22m[2m │ gzip:   0.15 kB[22m
[2m../../../../var/folders/nm/2ht0_y4j6d73tf38v0wgwln40000gn/T/chromatic--68172-hoDMqZxB4nXn/[22m[2massets/[22m[36mRSPContexts-COMHW85v.js                       [39m[1m[2m    0.21 kB[22m[1m[22m[2m │ gzip:   0.11 kB[22m
[2m../../../../var/folders/nm/2ht0_y4j6d73tf38v0wgwln40000gn/T/chromatic--68172-hoDMqZxB4nXn/[22m[2massets/[22m[36museToggleState-DSNEk0ki.js                    [39m[1m[2m    0.25 kB[22m[1m[22m[2m │ gzip:   0.20 kB[22m
[2m../../../../var/folders/nm/2ht0_y4j6d73tf38v0wgwln40000gn/T/chromatic--68172-hoDMqZxB4nXn/[22m[2massets/[22m[36mis-react-component-B7Ah2fih.js                [39m[1m[2m    0.25 kB[22m[1m[22m[2m │ gzip:   0.18 kB[22m
[2m../../../../var/folders/nm/2ht0_y4j6d73tf38v0wgwln40000gn/T/chromatic--68172-hoDMqZxB4nXn/[22m[2massets/[22m[36museUpdateEffect-CFHuB55e.js                   [39m[1m[2m    0.28 kB[22m[1m[22m[2m │ gzip:   0.21 kB[22m
[2m../../../../var/folders/nm/2ht0_y4j6d73tf38v0wgwln40000gn/T/chromatic--68172-hoDMqZxB4nXn/[22m[2massets/[22m[36mText-CVzuvHUo.js                              [39m[1m[2m    0.29 kB[22m[1m[22m[2m │ gzip:   0.24 kB[22m
[2m../../../../var/folders/nm/2ht0_y4j6d73tf38v0wgwln40000gn/T/chromatic--68172-hoDMqZxB4nXn/[22m[2massets/[22m[36museLabels-si3l8akH.js                         [39m[1m[2m    0.30 kB[22m[1m[22m[2m │ gzip:   0.21 kB[22m
[2m../../../../var/folders/nm/2ht0_y4j6d73tf38v0wgwln40000gn/T/chromatic--68172-hoDMqZxB4nXn/[22m[2massets/[22m[36mLabel-cGbQF0HK.js                             [39m[1m[2m    0.32 kB[22m[1m[22m[2m │ gzip:   0.25 kB[22m
[2m../../../../var/folders/nm/2ht0_y4j6d73tf38v0wgwln40000gn/T/chromatic--68172-hoDMqZxB4nXn/[22m[2massets/[22m[36mCheck-DUNgmWf2.js                             [39m[1m[2m    0.34 kB[22m[1m[22m[2m │ gzip:   0.26 kB[22m
[2m../../../../var/folders/nm/2ht0_y4j6d73tf38v0wgwln40000gn/T/chromatic--68172-hoDMqZxB4nXn/[22m[2massets/[22m[36mX-D4NOjaku.js                                 [39m[1m[2m    0.34 kB[22m[1m[22m[2m │ gzip:   0.26 kB[22m
[2m../../../../var/folders/nm/2ht0_y4j6d73tf38v0wgwln40000gn/T/chromatic--68172-hoDMqZxB4nXn/[22m[2massets/[22m[36museFormReset-UjxyhAS0.js                      [39m[1m[2m    0.34 kB[22m[1m[22m[2m │ gzip:   0.25 kB[22m
[2m../../../../var/folders/nm/2ht0_y4j6d73tf38v0wgwln40000gn/T/chromatic--68172-hoDMqZxB4nXn/[22m[2massets/[22m[36mChevronLeft-Dbemr-VT.js                       [39m[1m[2m    0.34 kB[22m[1m[22m[2m │ gzip:   0.26 kB[22m
[2m../../../../var/folders/nm/2ht0_y4j6d73tf38v0wgwln40000gn/T/chromatic--68172-hoDMqZxB4nXn/[22m[2massets/[22m[36mChevronRight-Ci_7bbth.js                      [39m[1m[2m    0.34 kB[22m[1m[22m[2m │ gzip:   0.26 kB[22m
[2m../../../../var/folders/nm/2ht0_y4j6d73tf38v0wgwln40000gn/T/chromatic--68172-hoDMqZxB4nXn/[22m[2massets/[22m[36mPlus-CQVDxQ7u.js                              [39m[1m[2m    0.34 kB[22m[1m[22m[2m │ gzip:   0.26 kB[22m
[2m../../../../var/folders/nm/2ht0_y4j6d73tf38v0wgwln40000gn/T/chromatic--68172-hoDMqZxB4nXn/[22m[2massets/[22m[36mChevronDown-CAL5-0LU.js                       [39m[1m[2m    0.34 kB[22m[1m[22m[2m │ gzip:   0.26 kB[22m
[2m../../../../var/folders/nm/2ht0_y4j6d73tf38v0wgwln40000gn/T/chromatic--68172-hoDMqZxB4nXn/[22m[2massets/[22m[36mArrowRight-D4nPwDK0.js                        [39m[1m[2m    0.35 kB[22m[1m[22m[2m │ gzip:   0.27 kB[22m
[2m../../../../var/folders/nm/2ht0_y4j6d73tf38v0wgwln40000gn/T/chromatic--68172-hoDMqZxB4nXn/[22m[2massets/[22m[36muse-breakpoint-CAtNMX6l.js                    [39m[1m[2m    0.36 kB[22m[1m[22m[2m │ gzip:   0.27 kB[22m
[2m../../../../var/folders/nm/2ht0_y4j6d73tf38v0wgwln40000gn/T/chromatic--68172-hoDMqZxB4nXn/[22m[2massets/[22m[36mChevronSelectorVertical-D6icTYKL.js           [39m[1m[2m    0.36 kB[22m[1m[22m[2m │ gzip:   0.27 kB[22m
[2m../../../../var/folders/nm/2ht0_y4j6d73tf38v0wgwln40000gn/T/chromatic--68172-hoDMqZxB4nXn/[22m[2massets/[22m[36museLabel-Bo527dem.js                          [39m[1m[2m    0.37 kB[22m[1m[22m[2m │ gzip:   0.26 kB[22m
[2m../../../../var/folders/nm/2ht0_y4j6d73tf38v0wgwln40000gn/T/chromatic--68172-hoDMqZxB4nXn/[22m[2massets/[22m[36mclsx-B-dksMZM.js                              [39m[1m[2m    0.37 kB[22m[1m[22m[2m │ gzip:   0.24 kB[22m
[2m../../../../var/folders/nm/2ht0_y4j6d73tf38v0wgwln40000gn/T/chromatic--68172-hoDMqZxB4nXn/[22m[2massets/[22m[36mSearchLg-DeKnEU4n.js                          [39m[1m[2m    0.38 kB[22m[1m[22m[2m │ gzip:   0.28 kB[22m
[2m../../../../var/folders/nm/2ht0_y4j6d73tf38v0wgwln40000gn/T/chromatic--68172-hoDMqZxB4nXn/[22m[2massets/[22m[36museControlledState-D2t91jSS.js                [39m[1m[2m    0.40 kB[22m[1m[22m[2m │ gzip:   0.29 kB[22m
[2m../../../../var/folders/nm/2ht0_y4j6d73tf38v0wgwln40000gn/T/chromatic--68172-hoDMqZxB4nXn/[22m[2massets/[22m[36mCheckCircle-BqHbjmV-.js                       [39m[1m[2m    0.41 kB[22m[1m[22m[2m │ gzip:   0.31 kB[22m
[2m../../../../var/folders/nm/2ht0_y4j6d73tf38v0wgwln40000gn/T/chromatic--68172-hoDMqZxB4nXn/[22m[2massets/[22m[36museField-ClyOVez7.js                          [39m[1m[2m    0.43 kB[22m[1m[22m[2m │ gzip:   0.28 kB[22m
[2m../../../../var/folders/nm/2ht0_y4j6d73tf38v0wgwln40000gn/T/chromatic--68172-hoDMqZxB4nXn/[22m[2massets/[22m[36mUploadCloud02-Gf3WlnCD.js                     [39m[1m[2m    0.43 kB[22m[1m[22m[2m │ gzip:   0.32 kB[22m
[2m../../../../var/folders/nm/2ht0_y4j6d73tf38v0wgwln40000gn/T/chromatic--68172-hoDMqZxB4nXn/[22m[2massets/[22m[36mHelpCircle-CrwkDzwU.js                        [39m[1m[2m    0.44 kB[22m[1m[22m[2m │ gzip:   0.33 kB[22m
[2m../../../../var/folders/nm/2ht0_y4j6d73tf38v0wgwln40000gn/T/chromatic--68172-hoDMqZxB4nXn/[22m[2massets/[22m[36mnumber-nHrFdSb-.js                            [39m[1m[2m    0.47 kB[22m[1m[22m[2m │ gzip:   0.31 kB[22m
[2m../../../../var/folders/nm/2ht0_y4j6d73tf38v0wgwln40000gn/T/chromatic--68172-hoDMqZxB4nXn/[22m[2massets/[22m[36museHasTabbableChild-B04D8gh7.js               [39m[1m[2m    0.49 kB[22m[1m[22m[2m │ gzip:   0.34 kB[22m
[2m../../../../var/folders/nm/2ht0_y4j6d73tf38v0wgwln40000gn/T/chromatic--68172-hoDMqZxB4nXn/[22m[2massets/[22m[36mLogOut01-vOhuGDTf.js                          [39m[1m[2m    0.50 kB[22m[1m[22m[2m │ gzip:   0.35 kB[22m
[2m../../../../var/folders/nm/2ht0_y4j6d73tf38v0wgwln40000gn/T/chromatic--68172-hoDMqZxB4nXn/[22m[2massets/[22m[36mdot-icon-gR_g-Jus.js                          [39m[1m[2m    0.58 kB[22m[1m[22m[2m │ gzip:   0.39 kB[22m
[2m../../../../var/folders/nm/2ht0_y4j6d73tf38v0wgwln40000gn/T/chromatic--68172-hoDMqZxB4nXn/[22m[2massets/[22m[36mBell01-lHlrY0uO.js                            [39m[1m[2m    0.62 kB[22m[1m[22m[2m │ gzip:   0.44 kB[22m
[2m../../../../var/folders/nm/2ht0_y4j6d73tf38v0wgwln40000gn/T/chromatic--68172-hoDMqZxB4nXn/[22m[2massets/[22m[36mCalendar-DRLKLQva.js                          [39m[1m[2m    0.65 kB[22m[1m[22m[2m │ gzip:   0.41 kB[22m
[2m../../../../var/folders/nm/2ht0_y4j6d73tf38v0wgwln40000gn/T/chromatic--68172-hoDMqZxB4nXn/[22m[2massets/[22m[36mVisuallyHidden-CNlXpnD-.js                    [39m[1m[2m    0.66 kB[22m[1m[22m[2m │ gzip:   0.45 kB[22m
[2m../../../../var/folders/nm/2ht0_y4j6d73tf38v0wgwln40000gn/T/chromatic--68172-hoDMqZxB4nXn/[22m[2massets/[22m[36mTrash01-t_ZOtRVT.js                           [39m[1m[2m    0.66 kB[22m[1m[22m[2m │ gzip:   0.43 kB[22m
[2m../../../../var/folders/nm/2ht0_y4j6d73tf38v0wgwln40000gn/T/chromatic--68172-hoDMqZxB4nXn/[22m[2massets/[22m[36museFilter-BSEehIKQ.js                         [39m[1m[2m    0.66 kB[22m[1m[22m[2m │ gzip:   0.34 kB[22m
[2m../../../../var/folders/nm/2ht0_y4j6d73tf38v0wgwln40000gn/T/chromatic--68172-hoDMqZxB4nXn/[22m[2massets/[22m[36mHidden-BUtEYRyX.js                            [39m[1m[2m    0.76 kB[22m[1m[22m[2m │ gzip:   0.43 kB[22m
[2m../../../../var/folders/nm/2ht0_y4j6d73tf38v0wgwln40000gn/T/chromatic--68172-hoDMqZxB4nXn/[22m[2massets/[22m[36museSingleSelectListState-BN5nd-pP.js          [39m[1m[2m    0.76 kB[22m[1m[22m[2m │ gzip:   0.42 kB[22m
[2m../../../../var/folders/nm/2ht0_y4j6d73tf38v0wgwln40000gn/T/chromatic--68172-hoDMqZxB4nXn/[22m[2massets/[22m[36mCopy01-DByw0T8f.js                            [39m[1m[2m    0.85 kB[22m[1m[22m[2m │ gzip:   0.48 kB[22m
[2m../../../../var/folders/nm/2ht0_y4j6d73tf38v0wgwln40000gn/T/chromatic--68172-hoDMqZxB4nXn/[22m[2massets/[22m[36museButton-CZF3jxwy.js                         [39m[1m[2m    1.02 kB[22m[1m[22m[2m │ gzip:   0.52 kB[22m
[2m../../../../var/folders/nm/2ht0_y4j6d73tf38v0wgwln40000gn/T/chromatic--68172-hoDMqZxB4nXn/[22m[2massets/[22m[36museToggle-DmcJOjtJ.js                         [39m[1m[2m    1.02 kB[22m[1m[22m[2m │ gzip:   0.57 kB[22m
[2m../../../../var/folders/nm/2ht0_y4j6d73tf38v0wgwln40000gn/T/chromatic--68172-hoDMqZxB4nXn/[22m[2massets/[22m[36mindex-CZrul1Ih.js                             [39m[1m[2m    1.16 kB[22m[1m[22m[2m │ gzip:   0.64 kB[22m
[2m../../../../var/folders/nm/2ht0_y4j6d73tf38v0wgwln40000gn/T/chromatic--68172-hoDMqZxB4nXn/[22m[2massets/[22m[36mcontext-CodewhDp.js                           [39m[1m[2m    1.21 kB[22m[1m[22m[2m │ gzip:   0.68 kB[22m
[2m../../../../var/folders/nm/2ht0_y4j6d73tf38v0wgwln40000gn/T/chromatic--68172-hoDMqZxB4nXn/[22m[2massets/[22m[36mSettings01-33OLvKVG.js                        [39m[1m[2m    1.23 kB[22m[1m[22m[2m │ gzip:   0.55 kB[22m
[2m../../../../var/folders/nm/2ht0_y4j6d73tf38v0wgwln40000gn/T/chromatic--68172-hoDMqZxB4nXn/[22m[2massets/[22m[36mDragAndDrop-DcSbzvOU.js                       [39m[1m[2m    1.32 kB[22m[1m[22m[2m │ gzip:   0.73 kB[22m
[2m../../../../var/folders/nm/2ht0_y4j6d73tf38v0wgwln40000gn/T/chromatic--68172-hoDMqZxB4nXn/[22m[2massets/[22m[36mpagination-dot-BcFecG9I.js                    [39m[1m[2m    1.47 kB[22m[1m[22m[2m │ gzip:   0.77 kB[22m
[2m../../../../var/folders/nm/2ht0_y4j6d73tf38v0wgwln40000gn/T/chromatic--68172-hoDMqZxB4nXn/[22m[2massets/[22m[36mLink-DIWhdtjo.js                              [39m[1m[2m    1.60 kB[22m[1m[22m[2m │ gzip:   0.82 kB[22m
[2m../../../../var/folders/nm/2ht0_y4j6d73tf38v0wgwln40000gn/T/chromatic--68172-hoDMqZxB4nXn/[22m[2massets/[22m[36mclose-button-BaG_Fa01.js                      [39m[1m[2m    1.61 kB[22m[1m[22m[2m │ gzip:   0.73 kB[22m
[2m../../../../var/folders/nm/2ht0_y4j6d73tf38v0wgwln40000gn/T/chromatic--68172-hoDMqZxB4nXn/[22m[2massets/[22m[36mfeatured-icons.story-CLvpf9hn.js              [39m[1m[2m    1.67 kB[22m[1m[22m[2m │ gzip:   0.62 kB[22m
[2m../../../../var/folders/nm/2ht0_y4j6d73tf38v0wgwln40000gn/T/chromatic--68172-hoDMqZxB4nXn/[22m[2massets/[22m[36mactabl-logos.story-CTghuMwm.js                [39m[1m[2m    1.68 kB[22m[1m[22m[2m │ gzip:   0.59 kB[22m
[2m../../../../var/folders/nm/2ht0_y4j6d73tf38v0wgwln40000gn/T/chromatic--68172-hoDMqZxB4nXn/[22m[2massets/[22m[36mGroup-CyPeyiTd.js                             [39m[1m[2m    1.70 kB[22m[1m[22m[2m │ gzip:   0.73 kB[22m
[2m../../../../var/folders/nm/2ht0_y4j6d73tf38v0wgwln40000gn/T/chromatic--68172-hoDMqZxB4nXn/[22m[2massets/[22m[36mFileIcon-D3BYILin.js                          [39m[1m[2m    1.73 kB[22m[1m[22m[2m │ gzip:   0.90 kB[22m
[2m../../../../var/folders/nm/2ht0_y4j6d73tf38v0wgwln40000gn/T/chromatic--68172-hoDMqZxB4nXn/[22m[2massets/[22m[36mbutton-utility-K-19_g3Y.js                    [39m[1m[2m    1.78 kB[22m[1m[22m[2m │ gzip:   0.88 kB[22m
[2m../../../../var/folders/nm/2ht0_y4j6d73tf38v0wgwln40000gn/T/chromatic--68172-hoDMqZxB4nXn/[22m[2massets/[22m[36mActivePoints-BwcuNFE5.js                      [39m[1m[2m    1.84 kB[22m[1m[22m[2m │ gzip:   0.92 kB[22m
[2m../../../../var/folders/nm/2ht0_y4j6d73tf38v0wgwln40000gn/T/chromatic--68172-hoDMqZxB4nXn/[22m[2massets/[22m[36mlabel-CDZ1kY1v.js                             [39m[1m[2m    1.98 kB[22m[1m[22m[2m │ gzip:   0.82 kB[22m
[2m../../../../var/folders/nm/2ht0_y4j6d73tf38v0wgwln40000gn/T/chromatic--68172-hoDMqZxB4nXn/[22m[2massets/[22m[36mGraphicalItemClipPath-Cp7OCSJy.js             [39m[1m[2m    1.98 kB[22m[1m[22m[2m │ gzip:   0.99 kB[22m
[2m../../../../var/folders/nm/2ht0_y4j6d73tf38v0wgwln40000gn/T/chromatic--68172-hoDMqZxB4nXn/[22m[2massets/[22m[36museTextField-CES98Muo.js                      [39m[1m[2m    2.04 kB[22m[1m[22m[2m │ gzip:   0.96 kB[22m
[2m../../../../var/folders/nm/2ht0_y4j6d73tf38v0wgwln40000gn/T/chromatic--68172-hoDMqZxB4nXn/[22m[2massets/[22m[36mfeatured-cards.story-Dh2pNNDJ.js              [39m[1m[2m    2.22 kB[22m[1m[22m[2m │ gzip:   0.83 kB[22m
[2m../../../../var/folders/nm/2ht0_y4j6d73tf38v0wgwln40000gn/T/chromatic--68172-hoDMqZxB4nXn/[22m[2massets/[22m[36mAddIcon-C86Nj_fw.js                           [39m[1m[2m    2.62 kB[22m[1m[22m[2m │ gzip:   1.32 kB[22m
[2m../../../../var/folders/nm/2ht0_y4j6d73tf38v0wgwln40000gn/T/chromatic--68172-hoDMqZxB4nXn/[22m[2massets/[22m[36mfeatured-icons-4QVfcFuA.js                    [39m[1m[2m    2.63 kB[22m[1m[22m[2m │ gzip:   0.97 kB[22m
[2m../../../../var/folders/nm/2ht0_y4j6d73tf38v0wgwln40000gn/T/chromatic--68172-hoDMqZxB4nXn/[22m[2massets/[22m[36museListState-D2DztBKF.js                      [39m[1m[2m    2.64 kB[22m[1m[22m[2m │ gzip:   1.10 kB[22m
[2m../../../../var/folders/nm/2ht0_y4j6d73tf38v0wgwln40000gn/T/chromatic--68172-hoDMqZxB4nXn/[22m[2massets/[22m[36mPolarChart-xqh2I-bh.js                        [39m[1m[2m    2.68 kB[22m[1m[22m[2m │ gzip:   1.32 kB[22m
[2m../../../../var/folders/nm/2ht0_y4j6d73tf38v0wgwln40000gn/T/chromatic--68172-hoDMqZxB4nXn/[22m[2massets/[22m[36mNumberFormatter-DNR9MAW-.js                   [39m[1m[2m    2.76 kB[22m[1m[22m[2m │ gzip:   1.13 kB[22m
[2m../../../../var/folders/nm/2ht0_y4j6d73tf38v0wgwln40000gn/T/chromatic--68172-hoDMqZxB4nXn/[22m[2massets/[22m[36mradio-buttons.story-BFGRoSlb.js               [39m[1m[2m    2.77 kB[22m[1m[22m[2m │ gzip:   0.93 kB[22m
[2m../../../../var/folders/nm/2ht0_y4j6d73tf38v0wgwln40000gn/T/chromatic--68172-hoDMqZxB4nXn/[22m[2massets/[22m[36mavatar-label-group-BUmRtlW8.js                [39m[1m[2m    2.82 kB[22m[1m[22m[2m │ gzip:   0.95 kB[22m
[2m../../../../var/folders/nm/2ht0_y4j6d73tf38v0wgwln40000gn/T/chromatic--68172-hoDMqZxB4nXn/[22m[2massets/[22m[36mModal-DaTHrHX_.js                             [39m[1m[2m    2.99 kB[22m[1m[22m[2m │ gzip:   1.25 kB[22m
[2m../../../../var/folders/nm/2ht0_y4j6d73tf38v0wgwln40000gn/T/chromatic--68172-hoDMqZxB4nXn/[22m[2massets/[22m[36mcheckbox.story-D-vrofy5.js                    [39m[1m[2m    3.03 kB[22m[1m[22m[2m │ gzip:   0.78 kB[22m
[2m../../../../var/folders/nm/2ht0_y4j6d73tf38v0wgwln40000gn/T/chromatic--68172-hoDMqZxB4nXn/[22m[2massets/[22m[36mfeatured-cards.demo-9wAJbwL2.js               [39m[1m[2m    3.05 kB[22m[1m[22m[2m │ gzip:   0.73 kB[22m
[2m../../../../var/folders/nm/2ht0_y4j6d73tf38v0wgwln40000gn/T/chromatic--68172-hoDMqZxB4nXn/[22m[2massets/[22m[36mbutton-group.story-C0VWHPhx.js                [39m[1m[2m    3.20 kB[22m[1m[22m[2m │ gzip:   1.22 kB[22m
[2m../../../../var/folders/nm/2ht0_y4j6d73tf38v0wgwln40000gn/T/chromatic--68172-hoDMqZxB4nXn/[22m[2massets/[22m[36mselect-native-C9rNyIq9.js                     [39m[1m[2m    3.21 kB[22m[1m[22m[2m │ gzip:   1.12 kB[22m
[2m../../../../var/folders/nm/2ht0_y4j6d73tf38v0wgwln40000gn/T/chromatic--68172-hoDMqZxB4nXn/[22m[2massets/[22m[36mdropdown-kw6ejpyf.js                          [39m[1m[2m    3.22 kB[22m[1m[22m[2m │ gzip:   1.30 kB[22m
[2m../../../../var/folders/nm/2ht0_y4j6d73tf38v0wgwln40000gn/T/chromatic--68172-hoDMqZxB4nXn/[22m[2massets/[22m[36mpagination-base-CR8JdRFv.js                   [39m[1m[2m    3.27 kB[22m[1m[22m[2m │ gzip:   1.22 kB[22m
[2m../../../../var/folders/nm/2ht0_y4j6d73tf38v0wgwln40000gn/T/chromatic--68172-hoDMqZxB4nXn/[22m[2massets/[22m[36mButton-DfxIMywk.js                            [39m[1m[2m    3.41 kB[22m[1m[22m[2m │ gzip:   1.53 kB[22m
[2m../../../../var/folders/nm/2ht0_y4j6d73tf38v0wgwln40000gn/T/chromatic--68172-hoDMqZxB4nXn/[22m[2massets/[22m[36mloading-indicator.story-3Iyxk5C_.js           [39m[1m[2m    3.75 kB[22m[1m[22m[2m │ gzip:   1.08 kB[22m
[2m../../../../var/folders/nm/2ht0_y4j6d73tf38v0wgwln40000gn/T/chromatic--68172-hoDMqZxB4nXn/[22m[2massets/[22m[36mtooltip.story-BLddxSFy.js                     [39m[1m[2m    3.87 kB[22m[1m[22m[2m │ gzip:   1.08 kB[22m
[2m../../../../var/folders/nm/2ht0_y4j6d73tf38v0wgwln40000gn/T/chromatic--68172-hoDMqZxB4nXn/[22m[2massets/[22m[36mForm-rr4SOZpa.js                              [39m[1m[2m    4.07 kB[22m[1m[22m[2m │ gzip:   1.59 kB[22m
[2m../../../../var/folders/nm/2ht0_y4j6d73tf38v0wgwln40000gn/T/chromatic--68172-hoDMqZxB4nXn/[22m[2massets/[22m[36mtextarea.story-CQi8NQUx.js                    [39m[1m[2m    4.16 kB[22m[1m[22m[2m │ gzip:   1.47 kB[22m
[2m../../../../var/folders/nm/2ht0_y4j6d73tf38v0wgwln40000gn/T/chromatic--68172-hoDMqZxB4nXn/[22m[2massets/[22m[36mempty-state.story-Bjy5JZ-H.js                 [39m[1m[2m    5.05 kB[22m[1m[22m[2m │ gzip:   1.38 kB[22m
[2m../../../../var/folders/nm/2ht0_y4j6d73tf38v0wgwln40000gn/T/chromatic--68172-hoDMqZxB4nXn/[22m[2massets/[22m[36mprogress-indicators-DMVsaKQC.js               [39m[1m[2m    5.05 kB[22m[1m[22m[2m │ gzip:   1.30 kB[22m
[2m../../../../var/folders/nm/2ht0_y4j6d73tf38v0wgwln40000gn/T/chromatic--68172-hoDMqZxB4nXn/[22m[2massets/[22m[36mtooltipContext-ClRlqNPV.js                    [39m[1m[2m    5.10 kB[22m[1m[22m[2m │ gzip:   2.06 kB[22m
[2m../../../../var/folders/nm/2ht0_y4j6d73tf38v0wgwln40000gn/T/chromatic--68172-hoDMqZxB4nXn/[22m[2massets/[22m[36mactivity-gauges.story-D_Q74VwD.js             [39m[1m[2m    5.19 kB[22m[1m[22m[2m │ gzip:   1.75 kB[22m
[2m../../../../var/folders/nm/2ht0_y4j6d73tf38v0wgwln40000gn/T/chromatic--68172-hoDMqZxB4nXn/[22m[2massets/[22m[36mprogress-circles-DkjTx_R8.js                  [39m[1m[2m    5.44 kB[22m[1m[22m[2m │ gzip:   1.20 kB[22m
[2m../../../../var/folders/nm/2ht0_y4j6d73tf38v0wgwln40000gn/T/chromatic--68172-hoDMqZxB4nXn/[22m[2massets/[22m[36mprogress-indicators.story-D9bz7Swk.js         [39m[1m[2m    5.48 kB[22m[1m[22m[2m │ gzip:   1.05 kB[22m
[2m../../../../var/folders/nm/2ht0_y4j6d73tf38v0wgwln40000gn/T/chromatic--68172-hoDMqZxB4nXn/[22m[2massets/[22m[36mprogress-circles.story-CvgCyqSp.js            [39m[1m[2m    5.59 kB[22m[1m[22m[2m │ gzip:   1.55 kB[22m
[2m../../../../var/folders/nm/2ht0_y4j6d73tf38v0wgwln40000gn/T/chromatic--68172-hoDMqZxB4nXn/[22m[2massets/[22m[36mbutton-DFdh8enM.js                            [39m[1m[2m    5.83 kB[22m[1m[22m[2m │ gzip:   1.79 kB[22m
[2m../../../../var/folders/nm/2ht0_y4j6d73tf38v0wgwln40000gn/T/chromatic--68172-hoDMqZxB4nXn/[22m[2massets/[22m[36mtoggle.story-i_kSXuOF.js                      [39m[1m[2m    5.92 kB[22m[1m[22m[2m │ gzip:   2.01 kB[22m
[2m../../../../var/folders/nm/2ht0_y4j6d73tf38v0wgwln40000gn/T/chromatic--68172-hoDMqZxB4nXn/[22m[2massets/[22m[36mdropdown.story-BXx7ozlX.js                    [39m[1m[2m    6.56 kB[22m[1m[22m[2m │ gzip:   2.05 kB[22m
[2m../../../../var/folders/nm/2ht0_y4j6d73tf38v0wgwln40000gn/T/chromatic--68172-hoDMqZxB4nXn/[22m[2massets/[22m[36mcheckbox-CJApxPGN.js                          [39m[1m[2m    6.98 kB[22m[1m[22m[2m │ gzip:   2.56 kB[22m
[2m../../../../var/folders/nm/2ht0_y4j6d73tf38v0wgwln40000gn/T/chromatic--68172-hoDMqZxB4nXn/[22m[2massets/[22m[36mPolarGraphicalItemContext-DPGL3ST9.js         [39m[1m[2m    7.03 kB[22m[1m[22m[2m │ gzip:   2.66 kB[22m
[2m../../../../var/folders/nm/2ht0_y4j6d73tf38v0wgwln40000gn/T/chromatic--68172-hoDMqZxB4nXn/[22m[2massets/[22m[36mbutton-group-PL1nK_lZ.js                      [39m[1m[2m    7.30 kB[22m[1m[22m[2m │ gzip:   2.74 kB[22m
[2m../../../../var/folders/nm/2ht0_y4j6d73tf38v0wgwln40000gn/T/chromatic--68172-hoDMqZxB4nXn/[22m[2massets/[22m[36mtooltip-BHulwGn6.js                           [39m[1m[2m    8.19 kB[22m[1m[22m[2m │ gzip:   3.17 kB[22m
[2m../../../../var/folders/nm/2ht0_y4j6d73tf38v0wgwln40000gn/T/chromatic--68172-hoDMqZxB4nXn/[22m[2massets/[22m[36msocial-buttons.story-CvSw6FSm.js              [39m[1m[2m    8.45 kB[22m[1m[22m[2m │ gzip:   3.17 kB[22m
[2m../../../../var/folders/nm/2ht0_y4j6d73tf38v0wgwln40000gn/T/chromatic--68172-hoDMqZxB4nXn/[22m[2massets/[22m[36minput-D6YZDR-0.js                             [39m[1m[2m    8.46 kB[22m[1m[22m[2m │ gzip:   3.04 kB[22m
[2m../../../../var/folders/nm/2ht0_y4j6d73tf38v0wgwln40000gn/T/chromatic--68172-hoDMqZxB4nXn/[22m[2massets/[22m[36mSeparator-BBDbJ7rW.js                         [39m[1m[2m    8.89 kB[22m[1m[22m[2m │ gzip:   2.91 kB[22m
[2m../../../../var/folders/nm/2ht0_y4j6d73tf38v0wgwln40000gn/T/chromatic--68172-hoDMqZxB4nXn/[22m[2massets/[22m[36mradio-buttons-BxJ_ZT8w.js                     [39m[1m[2m    9.25 kB[22m[1m[22m[2m │ gzip:   3.32 kB[22m
[2m../../../../var/folders/nm/2ht0_y4j6d73tf38v0wgwln40000gn/T/chromatic--68172-hoDMqZxB4nXn/[22m[2massets/[22m[36mpagination.story-D3KBPGxy.js                  [39m[1m[2m    9.28 kB[22m[1m[22m[2m │ gzip:   2.04 kB[22m
[2m../../../../var/folders/nm/2ht0_y4j6d73tf38v0wgwln40000gn/T/chromatic--68172-hoDMqZxB4nXn/[22m[2massets/[22m[36mpagination-tZjRm8sR.js                        [39m[1m[2m    9.76 kB[22m[1m[22m[2m │ gzip:   2.16 kB[22m
[2m../../../../var/folders/nm/2ht0_y4j6d73tf38v0wgwln40000gn/T/chromatic--68172-hoDMqZxB4nXn/[22m[2massets/[22m[36musePress-BULAqv3T.js                          [39m[1m[2m    9.84 kB[22m[1m[22m[2m │ gzip:   3.73 kB[22m
[2m../../../../var/folders/nm/2ht0_y4j6d73tf38v0wgwln40000gn/T/chromatic--68172-hoDMqZxB4nXn/[22m[2massets/[22m[36mavatar-BO_GhWOs.js                            [39m[1m[2m   10.01 kB[22m[1m[22m[2m │ gzip:   3.53 kB[22m
[2m../../../../var/folders/nm/2ht0_y4j6d73tf38v0wgwln40000gn/T/chromatic--68172-hoDMqZxB4nXn/[22m[2massets/[22m[36mDot-DHOQu00A.js                               [39m[1m[2m   10.80 kB[22m[1m[22m[2m │ gzip:   3.42 kB[22m
[2m../../../../var/folders/nm/2ht0_y4j6d73tf38v0wgwln40000gn/T/chromatic--68172-hoDMqZxB4nXn/[22m[2massets/[22m[36mheader-navigation.story-Dmcogs7k.js           [39m[1m[2m   11.41 kB[22m[1m[22m[2m │ gzip:   3.42 kB[22m
[2m../../../../var/folders/nm/2ht0_y4j6d73tf38v0wgwln40000gn/T/chromatic--68172-hoDMqZxB4nXn/[22m[2massets/[22m[36mOverlayArrow-CQ09nDMp.js                      [39m[1m[2m   11.62 kB[22m[1m[22m[2m │ gzip:   4.51 kB[22m
[2m../../../../var/folders/nm/2ht0_y4j6d73tf38v0wgwln40000gn/T/chromatic--68172-hoDMqZxB4nXn/[22m[2massets/[22m[36mtag-close-x-Rl911_2C.js                       [39m[1m[2m   11.77 kB[22m[1m[22m[2m │ gzip:   4.45 kB[22m
[2m../../../../var/folders/nm/2ht0_y4j6d73tf38v0wgwln40000gn/T/chromatic--68172-hoDMqZxB4nXn/[22m[2massets/[22m[36mbadges-uGmH52BN.js                            [39m[1m[2m   12.07 kB[22m[1m[22m[2m │ gzip:   2.09 kB[22m
[2m../../../../var/folders/nm/2ht0_y4j6d73tf38v0wgwln40000gn/T/chromatic--68172-hoDMqZxB4nXn/[22m[2massets/[22m[36mbadges.story-DK2LcdKw.js                      [39m[1m[2m   12.46 kB[22m[1m[22m[2m │ gzip:   1.76 kB[22m
[2m../../../../var/folders/nm/2ht0_y4j6d73tf38v0wgwln40000gn/T/chromatic--68172-hoDMqZxB4nXn/[22m[2massets/[22m[36mRadialBarChart-C2UC7LDH.js                    [39m[1m[2m   12.73 kB[22m[1m[22m[2m │ gzip:   4.28 kB[22m
[2m../../../../var/folders/nm/2ht0_y4j6d73tf38v0wgwln40000gn/T/chromatic--68172-hoDMqZxB4nXn/[22m[2massets/[22m[36mslideout-menu.story-C0KvUfx7.js               [39m[1m[2m   13.78 kB[22m[1m[22m[2m │ gzip:   4.10 kB[22m
[2m../../../../var/folders/nm/2ht0_y4j6d73tf38v0wgwln40000gn/T/chromatic--68172-hoDMqZxB4nXn/[22m[2massets/[22m[36mFocusScope-DxNzcd73.js                        [39m[1m[2m   13.99 kB[22m[1m[22m[2m │ gzip:   4.35 kB[22m
[2m../../../../var/folders/nm/2ht0_y4j6d73tf38v0wgwln40000gn/T/chromatic--68172-hoDMqZxB4nXn/[22m[2massets/[22m[36mactabl-logos-Jry46-4I.js                      [39m[1m[2m   14.64 kB[22m[1m[22m[2m │ gzip:   5.67 kB[22m
[2m../../../../var/folders/nm/2ht0_y4j6d73tf38v0wgwln40000gn/T/chromatic--68172-hoDMqZxB4nXn/[22m[2massets/[22m[36mpin-input.story-DhqMo5zb.js                   [39m[1m[2m   15.10 kB[22m[1m[22m[2m │ gzip:   5.41 kB[22m
[2m../../../../var/folders/nm/2ht0_y4j6d73tf38v0wgwln40000gn/T/chromatic--68172-hoDMqZxB4nXn/[22m[2massets/[22m[36mtabs.story-DYdB8obv.js                        [39m[1m[2m   15.53 kB[22m[1m[22m[2m │ gzip:   5.05 kB[22m
[2m../../../../var/folders/nm/2ht0_y4j6d73tf38v0wgwln40000gn/T/chromatic--68172-hoDMqZxB4nXn/[22m[2massets/[22m[36mpie-charts.story-DIJveb_h.js                  [39m[1m[2m   16.29 kB[22m[1m[22m[2m │ gzip:   5.43 kB[22m
[2m../../../../var/folders/nm/2ht0_y4j6d73tf38v0wgwln40000gn/T/chromatic--68172-hoDMqZxB4nXn/[22m[2massets/[22m[36mslider.story-timBFkic.js                      [39m[1m[2m   16.60 kB[22m[1m[22m[2m │ gzip:   5.87 kB[22m
[2m../../../../var/folders/nm/2ht0_y4j6d73tf38v0wgwln40000gn/T/chromatic--68172-hoDMqZxB4nXn/[22m[2massets/[22m[36museHighlightSelectionDescription-C23WadpY.js  [39m[1m[2m   17.47 kB[22m[1m[22m[2m │ gzip:   4.98 kB[22m
[2m../../../../var/folders/nm/2ht0_y4j6d73tf38v0wgwln40000gn/T/chromatic--68172-hoDMqZxB4nXn/[22m[2massets/[22m[36mbuttons.story-BLXwiLCV.js                     [39m[1m[2m   18.31 kB[22m[1m[22m[2m │ gzip:   2.53 kB[22m
[2m../../../../var/folders/nm/2ht0_y4j6d73tf38v0wgwln40000gn/T/chromatic--68172-hoDMqZxB4nXn/[22m[2massets/[22m[36mbarSelectors-BIwYiUhM.js                      [39m[1m[2m   18.77 kB[22m[1m[22m[2m │ gzip:   6.07 kB[22m
[2m../../../../var/folders/nm/2ht0_y4j6d73tf38v0wgwln40000gn/T/chromatic--68172-hoDMqZxB4nXn/[22m[2massets/[22m[36minputs.story-DcqA7mrO.js                      [39m[1m[2m   19.52 kB[22m[1m[22m[2m │ gzip:   3.84 kB[22m
[2m../../../../var/folders/nm/2ht0_y4j6d73tf38v0wgwln40000gn/T/chromatic--68172-hoDMqZxB4nXn/[22m[2massets/[22m[36mavatar.story-C5wLhP5l.js                      [39m[1m[2m   19.56 kB[22m[1m[22m[2m │ gzip:   2.87 kB[22m
[2m../../../../var/folders/nm/2ht0_y4j6d73tf38v0wgwln40000gn/T/chromatic--68172-hoDMqZxB4nXn/[22m[2massets/[22m[36museFocusRing-BKeBhKRS.js                      [39m[1m[2m   20.53 kB[22m[1m[22m[2m │ gzip:   7.32 kB[22m
[2m../../../../var/folders/nm/2ht0_y4j6d73tf38v0wgwln40000gn/T/chromatic--68172-hoDMqZxB4nXn/[22m[2massets/[22m[36mbar-charts.story-CprdH5QP.js                  [39m[1m[2m   21.21 kB[22m[1m[22m[2m │ gzip:   6.02 kB[22m
[2m../../../../var/folders/nm/2ht0_y4j6d73tf38v0wgwln40000gn/T/chromatic--68172-hoDMqZxB4nXn/[22m[2massets/[22m[36mradar-charts.story-D7ScHLxD.js                [39m[1m[2m   21.75 kB[22m[1m[22m[2m │ gzip:   6.55 kB[22m
[2m../../../../var/folders/nm/2ht0_y4j6d73tf38v0wgwln40000gn/T/chromatic--68172-hoDMqZxB4nXn/[22m[2massets/[22m[36mfile-upload.story-BeOu0PNB.js                 [39m[1m[2m   23.34 kB[22m[1m[22m[2m │ gzip:   6.10 kB[22m
[2m../../../../var/folders/nm/2ht0_y4j6d73tf38v0wgwln40000gn/T/chromatic--68172-hoDMqZxB4nXn/[22m[2massets/[22m[36mCartesianChart-DVAQtIjA.js                    [39m[1m[2m   25.40 kB[22m[1m[22m[2m │ gzip:   7.06 kB[22m
[2m../../../../var/folders/nm/2ht0_y4j6d73tf38v0wgwln40000gn/T/chromatic--68172-hoDMqZxB4nXn/[22m[2massets/[22m[36mcx-X4VLeaWk.js                                [39m[1m[2m   25.47 kB[22m[1m[22m[2m │ gzip:   8.05 kB[22m
[2m../../../../var/folders/nm/2ht0_y4j6d73tf38v0wgwln40000gn/T/chromatic--68172-hoDMqZxB4nXn/[22m[2massets/[22m[36mline-charts.story-BSHmBt_C.js                 [39m[1m[2m   25.96 kB[22m[1m[22m[2m │ gzip:   6.15 kB[22m
[2m../../../../var/folders/nm/2ht0_y4j6d73tf38v0wgwln40000gn/T/chromatic--68172-hoDMqZxB4nXn/[22m[2massets/[22m[36mtags.story-DlLL1n1F.js                        [39m[1m[2m   26.72 kB[22m[1m[22m[2m │ gzip:   8.39 kB[22m
[2m../../../../var/folders/nm/2ht0_y4j6d73tf38v0wgwln40000gn/T/chromatic--68172-hoDMqZxB4nXn/[22m[2massets/[22m[36mcarousel.story-B8PKX7qu.js                    [39m[1m[2m   27.73 kB[22m[1m[22m[2m │ gzip:  10.29 kB[22m
[2m../../../../var/folders/nm/2ht0_y4j6d73tf38v0wgwln40000gn/T/chromatic--68172-hoDMqZxB4nXn/[22m[2massets/[22m[36mDialog-h0HBgJcL.js                            [39m[1m[2m   30.31 kB[22m[1m[22m[2m │ gzip:  11.87 kB[22m
[2m../../../../var/folders/nm/2ht0_y4j6d73tf38v0wgwln40000gn/T/chromatic--68172-hoDMqZxB4nXn/[22m[2massets/[22m[36mnav-list-DomSy5Rz.js                          [39m[1m[2m   42.46 kB[22m[1m[22m[2m │ gzip:  13.95 kB[22m
[2m../../../../var/folders/nm/2ht0_y4j6d73tf38v0wgwln40000gn/T/chromatic--68172-hoDMqZxB4nXn/[22m[2massets/[22m[36mCollection-DyEJp-4j.js                        [39m[1m[2m   42.75 kB[22m[1m[22m[2m │ gzip:  12.84 kB[22m
[2m../../../../var/folders/nm/2ht0_y4j6d73tf38v0wgwln40000gn/T/chromatic--68172-hoDMqZxB4nXn/[22m[2massets/[22m[36mapp-store-buttons.story-C0VuvSD6.js           [39m[1m[2m   43.86 kB[22m[1m[22m[2m │ gzip:   8.34 kB[22m
[2m../../../../var/folders/nm/2ht0_y4j6d73tf38v0wgwln40000gn/T/chromatic--68172-hoDMqZxB4nXn/[22m[2massets/[22m[36msidebar-navigation.story-Blu8VcFS.js          [39m[1m[2m   47.16 kB[22m[1m[22m[2m │ gzip:   9.94 kB[22m
[2m../../../../var/folders/nm/2ht0_y4j6d73tf38v0wgwln40000gn/T/chromatic--68172-hoDMqZxB4nXn/[22m[2massets/[22m[36mcharts-base-DSDwQThe.js                       [39m[1m[2m   47.83 kB[22m[1m[22m[2m │ gzip:  12.60 kB[22m
[2m../../../../var/folders/nm/2ht0_y4j6d73tf38v0wgwln40000gn/T/chromatic--68172-hoDMqZxB4nXn/[22m[2massets/[22m[36mselect.story-BO5HX21A.js                      [39m[1m[2m   85.20 kB[22m[1m[22m[2m │ gzip:  19.50 kB[22m
[2m../../../../var/folders/nm/2ht0_y4j6d73tf38v0wgwln40000gn/T/chromatic--68172-hoDMqZxB4nXn/[22m[2massets/[22m[36mtable.story-OkbqWWM4.js                       [39m[1m[2m  106.57 kB[22m[1m[22m[2m │ gzip:  25.92 kB[22m
[2m../../../../var/folders/nm/2ht0_y4j6d73tf38v0wgwln40000gn/T/chromatic--68172-hoDMqZxB4nXn/[22m[2massets/[22m[36mproxy-C69fJhgG.js                             [39m[1m[2m  114.63 kB[22m[1m[22m[2m │ gzip:  37.87 kB[22m
[2m../../../../var/folders/nm/2ht0_y4j6d73tf38v0wgwln40000gn/T/chromatic--68172-hoDMqZxB4nXn/[22m[2massets/[22m[36mdate-picker.story-HHPeBhFR.js                 [39m[1m[2m  167.16 kB[22m[1m[22m[2m │ gzip:  48.04 kB[22m
[2m../../../../var/folders/nm/2ht0_y4j6d73tf38v0wgwln40000gn/T/chromatic--68172-hoDMqZxB4nXn/[22m[2massets/[22m[36mreact-18-DYjk_k1t.js                          [39m[1m[2m  179.59 kB[22m[1m[22m[2m │ gzip:  56.40 kB[22m
[2m../../../../var/folders/nm/2ht0_y4j6d73tf38v0wgwln40000gn/T/chromatic--68172-hoDMqZxB4nXn/[22m[2massets/[22m[36mempty-state-Dn2y2565.js                       [39m[1m[2m  193.11 kB[22m[1m[22m[2m │ gzip:  37.95 kB[22m
[2m../../../../var/folders/nm/2ht0_y4j6d73tf38v0wgwln40000gn/T/chromatic--68172-hoDMqZxB4nXn/[22m[2massets/[22m[36mCategoricalChart-NDIlkeD6.js                  [39m[1m[2m  219.69 kB[22m[1m[22m[2m │ gzip:  72.14 kB[22m
[2m../../../../var/folders/nm/2ht0_y4j6d73tf38v0wgwln40000gn/T/chromatic--68172-hoDMqZxB4nXn/[22m[2massets/[22m[36miframe-DaCv2Eak.js                            [39m[1m[33m1,388.06 kB[39m[22m[2m │ gzip: 383.29 kB[22m
[32m✓ built in 10.44s[39m
info => Output directory: /var/folders/nm/2ht0_y4j6d73tf38v0wgwln40000gn/T/chromatic--68172-hoDMqZxB4nXn
